[debug] [2020-09-24T17:28:05.106Z] ----------------------------------------------------------------------
[debug] [2020-09-24T17:28:05.108Z] Command:       /usr/local/bin/node /Users/ashishchahal/.nvm/versions/node/v11.2.0/bin/firebase emulators:start
[debug] [2020-09-24T17:28:05.109Z] CLI Version:   8.9.2
[debug] [2020-09-24T17:28:05.109Z] Platform:      darwin
[debug] [2020-09-24T17:28:05.109Z] Node Version:  v10.13.0
[debug] [2020-09-24T17:28:05.112Z] Time:          Thu Sep 24 2020 22:58:05 GMT+0530 (India Standard Time)
[debug] [2020-09-24T17:28:05.112Z] ----------------------------------------------------------------------
[debug] [2020-09-24T17:28:05.112Z] 
[debug] [2020-09-24T17:28:05.135Z] > command requires scopes: ["email","openid","https://www.googleapis.com/auth/cloudplatformprojects.readonly","https://www.googleapis.com/auth/firebase","https://www.googleapis.com/auth/cloud-platform"]
[debug] [2020-09-24T17:28:05.136Z] > authorizing via signed-in user
[info] i  emulators: Starting emulators: functions, hosting {"metadata":{"emulator":{"name":"hub"},"message":"Starting emulators: functions, hosting"}}
[warn] ⚠  emulators: It seems that you are running multiple instances of the emulator suite for project clone-ac-271d9. This may result in unexpected behavior. 
[debug] [2020-09-24T17:28:05.171Z] [hub] writing locator at /var/folders/lp/q0nfg3f51nq7qg9sq2q3b8vm0000gn/T/hub-clone-ac-271d9.json
[warn] ⚠  functions: The following emulators are not running, calls to these services from the Functions emulator will affect production: firestore, database, pubsub {"metadata":{"emulator":{"name":"functions"},"message":"The following emulators are not running, calls to these services from the Functions emulator will affect production: \u001b[1mfirestore, database, pubsub\u001b[22m"}}
[info] ✔  functions: Using node@10 from host. {"metadata":{"emulator":{"name":"functions"},"message":"Using node@10 from host."}}
[debug] [2020-09-24T17:28:05.216Z] defaultcredentials: writing to file /Users/ashishchahal/.config/firebase/ashish_chahal94_gmail.com_application_default_credentials.json
[debug] [2020-09-24T17:28:05.222Z] Setting GAC to /Users/ashishchahal/.config/firebase/ashish_chahal94_gmail.com_application_default_credentials.json {"metadata":{"emulator":{"name":"functions"},"message":"Setting GAC to /Users/ashishchahal/.config/firebase/ashish_chahal94_gmail.com_application_default_credentials.json"}}
[debug] [2020-09-24T17:28:05.239Z] >>> HTTP REQUEST GET https://firebase.googleapis.com/v1beta1/projects/clone-ac-271d9/webApps/-/config  
 
[debug] [2020-09-24T17:28:10.342Z] <<< HTTP RESPONSE 200 {"content-type":"application/json; charset=UTF-8","vary":"X-Origin, Referer, Origin,Accept-Encoding","date":"Thu, 24 Sep 2020 17:28:09 GMT","server":"ESF","cache-control":"private","x-xss-protection":"0","x-frame-options":"SAMEORIGIN","x-content-type-options":"nosniff","alt-svc":"h3-Q050=\":443\"; ma=2592000,h3-29=\":443\"; ma=2592000,h3-27=\":443\"; ma=2592000,h3-T051=\":443\"; ma=2592000,h3-T050=\":443\"; ma=2592000,h3-Q046=\":443\"; ma=2592000,h3-Q043=\":443\"; ma=2592000,quic=\":443\"; ma=2592000; v=\"46,43\"","accept-ranges":"none","transfer-encoding":"chunked"}
[info] i  hosting: Serving hosting files from: build {"metadata":{"emulator":{"name":"hosting"},"message":"Serving hosting files from: \u001b[1mbuild\u001b[22m"}}
[info] ✔  hosting: Local server: http://localhost:5000 {"metadata":{"emulator":{"name":"hosting"},"message":"Local server: \u001b[4m\u001b[1mhttp://localhost:5000\u001b[22m\u001b[24m"}}
[warn] ⚠  ui: Emulator UI unable to start on port 4000, starting on 4002 instead. {"metadata":{"emulator":{"name":"ui"},"message":"Emulator UI unable to start on port 4000, starting on 4002 instead."}}
[debug] [2020-09-24T17:28:10.440Z] Ignoring unsupported arg: auto_download {"metadata":{"emulator":{"name":"ui"},"message":"Ignoring unsupported arg: auto_download"}}
[debug] [2020-09-24T17:28:10.440Z] Ignoring unsupported arg: port {"metadata":{"emulator":{"name":"ui"},"message":"Ignoring unsupported arg: port"}}
[debug] [2020-09-24T17:28:10.440Z] Starting Emulator UI with command {"binary":"node","args":["/Users/ashishchahal/.cache/firebase/emulators/ui-v1.1.1/server.bundle.js"],"optionalArgs":[],"joinArgs":false} {"metadata":{"emulator":{"name":"ui"},"message":"Starting Emulator UI with command {\"binary\":\"node\",\"args\":[\"/Users/ashishchahal/.cache/firebase/emulators/ui-v1.1.1/server.bundle.js\"],\"optionalArgs\":[],\"joinArgs\":false}"}}
[info] i  ui: Emulator UI logging to ui-debug.log {"metadata":{"emulator":{"name":"ui"},"message":"Emulator UI logging to \u001b[1mui-debug.log\u001b[22m"}}
[debug] [2020-09-24T17:28:10.628Z] Web / API server started at http://localhost:4002
 {"metadata":{"emulator":{"name":"ui"},"message":"Web / API server started at http://localhost:4002\n"}}
[info] i  functions: Watching "/Users/ashishchahal/Desktop/Coding/projects/amazon-clone-react/functions" for Cloud Functions... {"metadata":{"emulator":{"name":"functions"},"message":"Watching \"/Users/ashishchahal/Desktop/Coding/projects/amazon-clone-react/functions\" for Cloud Functions..."}}
[debug] [2020-09-24T17:28:10.721Z] [worker-pool] addWorker(~diagnostic~) {"metadata":{"emulator":{"name":"functions"},"message":"[worker-pool] addWorker(~diagnostic~)"}}
[debug] [2020-09-24T17:28:10.722Z] [worker-pool] Adding worker with key ~diagnostic~, total=1 {"metadata":{"emulator":{"name":"functions"},"message":"[worker-pool] Adding worker with key ~diagnostic~, total=1"}}
[debug] [2020-09-24T17:28:10.722Z] [worker-pool] submitWork(triggerId=) {"metadata":{"emulator":{"name":"functions"},"message":"[worker-pool] submitWork(triggerId=)"}}
[debug] [2020-09-24T17:28:10.724Z] [worker-~diagnostic~-c2eebc15-7326-4bdd-a144-d53af9ecb517]: Assigning socketPath: /var/folders/lp/q0nfg3f51nq7qg9sq2q3b8vm0000gn/T/fire_emu_16050.sock {"metadata":{"emulator":{"name":"functions"},"message":"[worker-~diagnostic~-c2eebc15-7326-4bdd-a144-d53af9ecb517]: Assigning socketPath: /var/folders/lp/q0nfg3f51nq7qg9sq2q3b8vm0000gn/T/fire_emu_16050.sock"}}
[debug] [2020-09-24T17:28:10.725Z] [worker-~diagnostic~-c2eebc15-7326-4bdd-a144-d53af9ecb517]: BUSY {"metadata":{"emulator":{"name":"functions"},"message":"[worker-~diagnostic~-c2eebc15-7326-4bdd-a144-d53af9ecb517]: BUSY"}}
[debug] [2020-09-24T17:28:11.948Z] [runtime-status] [16050] Functions runtime initialized. {"cwd":"/Users/ashishchahal/Desktop/Coding/projects/amazon-clone-react/functions","node_version":"10.13.0"} {"metadata":{"emulator":{"name":"functions"},"message":"[runtime-status] [16050] Functions runtime initialized. {\"cwd\":\"/Users/ashishchahal/Desktop/Coding/projects/amazon-clone-react/functions\",\"node_version\":\"10.13.0\"}"}}
[debug] [2020-09-24T17:28:11.950Z] [runtime-status] [16050] Disabled runtime features: undefined {"metadata":{"emulator":{"name":"functions"},"message":"[runtime-status] [16050] Disabled runtime features: undefined"}}
[debug] [2020-09-24T17:28:11.955Z] [runtime-status] [16050] Resolved module firebase-admin {"declared":true,"installed":true,"version":"8.13.0","resolution":"/Users/ashishchahal/Desktop/Coding/projects/amazon-clone-react/functions/node_modules/firebase-admin/lib/index.js"} {"metadata":{"emulator":{"name":"functions"},"message":"[runtime-status] [16050] Resolved module firebase-admin {\"declared\":true,\"installed\":true,\"version\":\"8.13.0\",\"resolution\":\"/Users/ashishchahal/Desktop/Coding/projects/amazon-clone-react/functions/node_modules/firebase-admin/lib/index.js\"}"}}
[debug] [2020-09-24T17:28:11.957Z] [runtime-status] [16050] Resolved module firebase-functions {"declared":true,"installed":true,"version":"3.11.0","resolution":"/Users/ashishchahal/Desktop/Coding/projects/amazon-clone-react/functions/node_modules/firebase-functions/lib/index.js"} {"metadata":{"emulator":{"name":"functions"},"message":"[runtime-status] [16050] Resolved module firebase-functions {\"declared\":true,\"installed\":true,\"version\":\"3.11.0\",\"resolution\":\"/Users/ashishchahal/Desktop/Coding/projects/amazon-clone-react/functions/node_modules/firebase-functions/lib/index.js\"}"}}
[debug] [2020-09-24T17:28:11.961Z] [runtime-status] [16050] Resolved module firebase-functions {"declared":true,"installed":true,"version":"3.11.0","resolution":"/Users/ashishchahal/Desktop/Coding/projects/amazon-clone-react/functions/node_modules/firebase-functions/lib/index.js"} {"metadata":{"emulator":{"name":"functions"},"message":"[runtime-status] [16050] Resolved module firebase-functions {\"declared\":true,\"installed\":true,\"version\":\"3.11.0\",\"resolution\":\"/Users/ashishchahal/Desktop/Coding/projects/amazon-clone-react/functions/node_modules/firebase-functions/lib/index.js\"}"}}
[debug] [2020-09-24T17:28:11.967Z] [runtime-status] [16050] Outgoing network have been stubbed. [{"name":"http","status":"mocked"},{"name":"http","status":"mocked"},{"name":"https","status":"mocked"},{"name":"https","status":"mocked"},{"name":"net","status":"mocked"}] {"metadata":{"emulator":{"name":"functions"},"message":"[runtime-status] [16050] Outgoing network have been stubbed. [{\"name\":\"http\",\"status\":\"mocked\"},{\"name\":\"http\",\"status\":\"mocked\"},{\"name\":\"https\",\"status\":\"mocked\"},{\"name\":\"https\",\"status\":\"mocked\"},{\"name\":\"net\",\"status\":\"mocked\"}]"}}
[debug] [2020-09-24T17:28:11.968Z] [runtime-status] [16050] Resolved module firebase-functions {"declared":true,"installed":true,"version":"3.11.0","resolution":"/Users/ashishchahal/Desktop/Coding/projects/amazon-clone-react/functions/node_modules/firebase-functions/lib/index.js"} {"metadata":{"emulator":{"name":"functions"},"message":"[runtime-status] [16050] Resolved module firebase-functions {\"declared\":true,\"installed\":true,\"version\":\"3.11.0\",\"resolution\":\"/Users/ashishchahal/Desktop/Coding/projects/amazon-clone-react/functions/node_modules/firebase-functions/lib/index.js\"}"}}
[debug] [2020-09-24T17:28:12.089Z] [runtime-status] [16050] Checked functions.config() {"config":{}} {"metadata":{"emulator":{"name":"functions"},"message":"[runtime-status] [16050] Checked functions.config() {\"config\":{}}"}}
[debug] [2020-09-24T17:28:12.090Z] [runtime-status] [16050] firebase-functions has been stubbed. {"functionsResolution":{"declared":true,"installed":true,"version":"3.11.0","resolution":"/Users/ashishchahal/Desktop/Coding/projects/amazon-clone-react/functions/node_modules/firebase-functions/lib/index.js"}} {"metadata":{"emulator":{"name":"functions"},"message":"[runtime-status] [16050] firebase-functions has been stubbed. {\"functionsResolution\":{\"declared\":true,\"installed\":true,\"version\":\"3.11.0\",\"resolution\":\"/Users/ashishchahal/Desktop/Coding/projects/amazon-clone-react/functions/node_modules/firebase-functions/lib/index.js\"}}"}}
[debug] [2020-09-24T17:28:12.092Z] [runtime-status] [16050] Resolved module firebase-functions {"declared":true,"installed":true,"version":"3.11.0","resolution":"/Users/ashishchahal/Desktop/Coding/projects/amazon-clone-react/functions/node_modules/firebase-functions/lib/index.js"} {"metadata":{"emulator":{"name":"functions"},"message":"[runtime-status] [16050] Resolved module firebase-functions {\"declared\":true,\"installed\":true,\"version\":\"3.11.0\",\"resolution\":\"/Users/ashishchahal/Desktop/Coding/projects/amazon-clone-react/functions/node_modules/firebase-functions/lib/index.js\"}"}}
[debug] [2020-09-24T17:28:12.094Z] [runtime-status] [16050] Resolved module firebase-admin {"declared":true,"installed":true,"version":"8.13.0","resolution":"/Users/ashishchahal/Desktop/Coding/projects/amazon-clone-react/functions/node_modules/firebase-admin/lib/index.js"} {"metadata":{"emulator":{"name":"functions"},"message":"[runtime-status] [16050] Resolved module firebase-admin {\"declared\":true,\"installed\":true,\"version\":\"8.13.0\",\"resolution\":\"/Users/ashishchahal/Desktop/Coding/projects/amazon-clone-react/functions/node_modules/firebase-admin/lib/index.js\"}"}}
[debug] [2020-09-24T17:28:12.094Z] [runtime-status] [16050] Resolved module firebase-functions {"declared":true,"installed":true,"version":"3.11.0","resolution":"/Users/ashishchahal/Desktop/Coding/projects/amazon-clone-react/functions/node_modules/firebase-functions/lib/index.js"} {"metadata":{"emulator":{"name":"functions"},"message":"[runtime-status] [16050] Resolved module firebase-functions {\"declared\":true,\"installed\":true,\"version\":\"3.11.0\",\"resolution\":\"/Users/ashishchahal/Desktop/Coding/projects/amazon-clone-react/functions/node_modules/firebase-functions/lib/index.js\"}"}}
[debug] [2020-09-24T17:28:12.095Z] [runtime-status] [16050] firebase-admin has been stubbed. {"adminResolution":{"declared":true,"installed":true,"version":"8.13.0","resolution":"/Users/ashishchahal/Desktop/Coding/projects/amazon-clone-react/functions/node_modules/firebase-admin/lib/index.js"}} {"metadata":{"emulator":{"name":"functions"},"message":"[runtime-status] [16050] firebase-admin has been stubbed. {\"adminResolution\":{\"declared\":true,\"installed\":true,\"version\":\"8.13.0\",\"resolution\":\"/Users/ashishchahal/Desktop/Coding/projects/amazon-clone-react/functions/node_modules/firebase-admin/lib/index.js\"}}"}}
[info] ✔  functions[api]: http function initialized (http://localhost:5001/clone-ac-271d9/us-central1/api). {"metadata":{"emulator":{"name":"functions"},"message":"\u001b[1mhttp\u001b[22m function initialized (http://localhost:5001/clone-ac-271d9/us-central1/api)."}}
[info] 
┌───────────────────────────────────────────────────────────────────────┐
│ ✔  All emulators ready! View status and logs at http://localhost:4002 │
└───────────────────────────────────────────────────────────────────────┘

┌───────────┬────────────────┬─────────────────────────────────┐
│ Emulator  │ Host:Port      │ View in Emulator UI             │
├───────────┼────────────────┼─────────────────────────────────┤
│ Functions │ localhost:5001 │ http://localhost:4002/functions │
├───────────┼────────────────┼─────────────────────────────────┤
│ Hosting   │ localhost:5000 │ n/a                             │
└───────────┴────────────────┴─────────────────────────────────┘
  Other reserved ports: 4400, 4500

Issues? Report them at https://github.com/firebase/firebase-tools/issues and attach the *-debug.log files.
 
[debug] [2020-09-24T17:28:12.627Z] [worker-~diagnostic~-c2eebc15-7326-4bdd-a144-d53af9ecb517]: IDLE {"metadata":{"emulator":{"name":"functions"},"message":"[worker-~diagnostic~-c2eebc15-7326-4bdd-a144-d53af9ecb517]: IDLE"}}
[debug] [2020-09-24T17:29:04.768Z] [work-queue] {"queueLength":1,"workRunningCount":0}
[debug] [2020-09-24T17:29:04.769Z] [work-queue] {"queueLength":0,"workRunningCount":1}
[debug] [2020-09-24T17:29:04.770Z] Accepted request GET /clone-ac-271d9/us-central1/api --> api
[debug] [2020-09-24T17:29:04.778Z] [worker-pool] addWorker(api) {"metadata":{"emulator":{"name":"functions"},"message":"[worker-pool] addWorker(api)"}}
[debug] [2020-09-24T17:29:04.779Z] [worker-pool] Adding worker with key api, total=1 {"metadata":{"emulator":{"name":"functions"},"message":"[worker-pool] Adding worker with key api, total=1"}}
[debug] [2020-09-24T17:29:04.779Z] [worker-pool] submitWork(triggerId=api) {"metadata":{"emulator":{"name":"functions"},"message":"[worker-pool] submitWork(triggerId=api)"}}
[debug] [2020-09-24T17:29:04.779Z] [worker-api-20acbbab-4015-42b7-aeb1-c0dd85fa8bfd]: Assigning socketPath: /var/folders/lp/q0nfg3f51nq7qg9sq2q3b8vm0000gn/T/fire_emu_16073.sock {"metadata":{"emulator":{"name":"functions"},"message":"[worker-api-20acbbab-4015-42b7-aeb1-c0dd85fa8bfd]: Assigning socketPath: /var/folders/lp/q0nfg3f51nq7qg9sq2q3b8vm0000gn/T/fire_emu_16073.sock"}}
[debug] [2020-09-24T17:29:04.779Z] [worker-api-20acbbab-4015-42b7-aeb1-c0dd85fa8bfd]: BUSY {"metadata":{"emulator":{"name":"functions"},"message":"[worker-api-20acbbab-4015-42b7-aeb1-c0dd85fa8bfd]: BUSY"}}
[debug] [2020-09-24T17:29:06.181Z] [runtime-status] [16073] Functions runtime initialized. {"cwd":"/Users/ashishchahal/Desktop/Coding/projects/amazon-clone-react/functions","node_version":"10.13.0"} {"metadata":{"emulator":{"name":"functions"},"function":{"name":"api"},"message":"[runtime-status] [16073] Functions runtime initialized. {\"cwd\":\"/Users/ashishchahal/Desktop/Coding/projects/amazon-clone-react/functions\",\"node_version\":\"10.13.0\"}"}}
[debug] [2020-09-24T17:29:06.184Z] [runtime-status] [16073] Disabled runtime features: undefined {"metadata":{"emulator":{"name":"functions"},"function":{"name":"api"},"message":"[runtime-status] [16073] Disabled runtime features: undefined"}}
[debug] [2020-09-24T17:29:06.192Z] [runtime-status] [16073] Resolved module firebase-admin {"declared":true,"installed":true,"version":"8.13.0","resolution":"/Users/ashishchahal/Desktop/Coding/projects/amazon-clone-react/functions/node_modules/firebase-admin/lib/index.js"} {"metadata":{"emulator":{"name":"functions"},"function":{"name":"api"},"message":"[runtime-status] [16073] Resolved module firebase-admin {\"declared\":true,\"installed\":true,\"version\":\"8.13.0\",\"resolution\":\"/Users/ashishchahal/Desktop/Coding/projects/amazon-clone-react/functions/node_modules/firebase-admin/lib/index.js\"}"}}
[debug] [2020-09-24T17:29:06.195Z] [runtime-status] [16073] Resolved module firebase-functions {"declared":true,"installed":true,"version":"3.11.0","resolution":"/Users/ashishchahal/Desktop/Coding/projects/amazon-clone-react/functions/node_modules/firebase-functions/lib/index.js"} {"metadata":{"emulator":{"name":"functions"},"function":{"name":"api"},"message":"[runtime-status] [16073] Resolved module firebase-functions {\"declared\":true,\"installed\":true,\"version\":\"3.11.0\",\"resolution\":\"/Users/ashishchahal/Desktop/Coding/projects/amazon-clone-react/functions/node_modules/firebase-functions/lib/index.js\"}"}}
[debug] [2020-09-24T17:29:06.198Z] [runtime-status] [16073] Resolved module firebase-functions {"declared":true,"installed":true,"version":"3.11.0","resolution":"/Users/ashishchahal/Desktop/Coding/projects/amazon-clone-react/functions/node_modules/firebase-functions/lib/index.js"} {"metadata":{"emulator":{"name":"functions"},"function":{"name":"api"},"message":"[runtime-status] [16073] Resolved module firebase-functions {\"declared\":true,\"installed\":true,\"version\":\"3.11.0\",\"resolution\":\"/Users/ashishchahal/Desktop/Coding/projects/amazon-clone-react/functions/node_modules/firebase-functions/lib/index.js\"}"}}
[debug] [2020-09-24T17:29:06.205Z] [runtime-status] [16073] Outgoing network have been stubbed. [{"name":"http","status":"mocked"},{"name":"http","status":"mocked"},{"name":"https","status":"mocked"},{"name":"https","status":"mocked"},{"name":"net","status":"mocked"}] {"metadata":{"emulator":{"name":"functions"},"function":{"name":"api"},"message":"[runtime-status] [16073] Outgoing network have been stubbed. [{\"name\":\"http\",\"status\":\"mocked\"},{\"name\":\"http\",\"status\":\"mocked\"},{\"name\":\"https\",\"status\":\"mocked\"},{\"name\":\"https\",\"status\":\"mocked\"},{\"name\":\"net\",\"status\":\"mocked\"}]"}}
[debug] [2020-09-24T17:29:06.206Z] [runtime-status] [16073] Resolved module firebase-functions {"declared":true,"installed":true,"version":"3.11.0","resolution":"/Users/ashishchahal/Desktop/Coding/projects/amazon-clone-react/functions/node_modules/firebase-functions/lib/index.js"} {"metadata":{"emulator":{"name":"functions"},"function":{"name":"api"},"message":"[runtime-status] [16073] Resolved module firebase-functions {\"declared\":true,\"installed\":true,\"version\":\"3.11.0\",\"resolution\":\"/Users/ashishchahal/Desktop/Coding/projects/amazon-clone-react/functions/node_modules/firebase-functions/lib/index.js\"}"}}
[debug] [2020-09-24T17:29:06.341Z] [runtime-status] [16073] Checked functions.config() {"config":{}} {"metadata":{"emulator":{"name":"functions"},"function":{"name":"api"},"message":"[runtime-status] [16073] Checked functions.config() {\"config\":{}}"}}
[debug] [2020-09-24T17:29:06.342Z] [runtime-status] [16073] firebase-functions has been stubbed. {"functionsResolution":{"declared":true,"installed":true,"version":"3.11.0","resolution":"/Users/ashishchahal/Desktop/Coding/projects/amazon-clone-react/functions/node_modules/firebase-functions/lib/index.js"}} {"metadata":{"emulator":{"name":"functions"},"function":{"name":"api"},"message":"[runtime-status] [16073] firebase-functions has been stubbed. {\"functionsResolution\":{\"declared\":true,\"installed\":true,\"version\":\"3.11.0\",\"resolution\":\"/Users/ashishchahal/Desktop/Coding/projects/amazon-clone-react/functions/node_modules/firebase-functions/lib/index.js\"}}"}}
[debug] [2020-09-24T17:29:06.344Z] [runtime-status] [16073] Resolved module firebase-functions {"declared":true,"installed":true,"version":"3.11.0","resolution":"/Users/ashishchahal/Desktop/Coding/projects/amazon-clone-react/functions/node_modules/firebase-functions/lib/index.js"} {"metadata":{"emulator":{"name":"functions"},"function":{"name":"api"},"message":"[runtime-status] [16073] Resolved module firebase-functions {\"declared\":true,\"installed\":true,\"version\":\"3.11.0\",\"resolution\":\"/Users/ashishchahal/Desktop/Coding/projects/amazon-clone-react/functions/node_modules/firebase-functions/lib/index.js\"}"}}
[debug] [2020-09-24T17:29:06.346Z] [runtime-status] [16073] Resolved module firebase-admin {"declared":true,"installed":true,"version":"8.13.0","resolution":"/Users/ashishchahal/Desktop/Coding/projects/amazon-clone-react/functions/node_modules/firebase-admin/lib/index.js"} {"metadata":{"emulator":{"name":"functions"},"function":{"name":"api"},"message":"[runtime-status] [16073] Resolved module firebase-admin {\"declared\":true,\"installed\":true,\"version\":\"8.13.0\",\"resolution\":\"/Users/ashishchahal/Desktop/Coding/projects/amazon-clone-react/functions/node_modules/firebase-admin/lib/index.js\"}"}}
[debug] [2020-09-24T17:29:06.347Z] [runtime-status] [16073] Resolved module firebase-functions {"declared":true,"installed":true,"version":"3.11.0","resolution":"/Users/ashishchahal/Desktop/Coding/projects/amazon-clone-react/functions/node_modules/firebase-functions/lib/index.js"} {"metadata":{"emulator":{"name":"functions"},"function":{"name":"api"},"message":"[runtime-status] [16073] Resolved module firebase-functions {\"declared\":true,\"installed\":true,\"version\":\"3.11.0\",\"resolution\":\"/Users/ashishchahal/Desktop/Coding/projects/amazon-clone-react/functions/node_modules/firebase-functions/lib/index.js\"}"}}
[debug] [2020-09-24T17:29:06.348Z] [runtime-status] [16073] firebase-admin has been stubbed. {"adminResolution":{"declared":true,"installed":true,"version":"8.13.0","resolution":"/Users/ashishchahal/Desktop/Coding/projects/amazon-clone-react/functions/node_modules/firebase-admin/lib/index.js"}} {"metadata":{"emulator":{"name":"functions"},"function":{"name":"api"},"message":"[runtime-status] [16073] firebase-admin has been stubbed. {\"adminResolution\":{\"declared\":true,\"installed\":true,\"version\":\"8.13.0\",\"resolution\":\"/Users/ashishchahal/Desktop/Coding/projects/amazon-clone-react/functions/node_modules/firebase-admin/lib/index.js\"}}"}}
[debug] [2020-09-24T17:29:06.865Z] [runtime-status] [16073] Trigger "api" has been found, beginning invocation! {"metadata":{"emulator":{"name":"functions"},"function":{"name":"api"},"message":"[runtime-status] [16073] Trigger \"api\" has been found, beginning invocation!"}}
[info] i  functions: Beginning execution of "api" {"metadata":{"emulator":{"name":"functions"},"function":{"name":"api"},"message":"Beginning execution of \"api\""}}
[debug] [2020-09-24T17:29:06.866Z] [runtime-status] [16073] triggerDefinition {"httpsTrigger":{},"name":"api","entryPoint":"api"} {"metadata":{"emulator":{"name":"functions"},"function":{"name":"api"},"message":"[runtime-status] [16073] triggerDefinition {\"httpsTrigger\":{},\"name\":\"api\",\"entryPoint\":\"api\"}"}}
[debug] [2020-09-24T17:29:06.867Z] [runtime-status] [16073] Running api in mode HTTPS {"metadata":{"emulator":{"name":"functions"},"function":{"name":"api"},"message":"[runtime-status] [16073] Running api in mode HTTPS"}}
[debug] [2020-09-24T17:29:06.882Z] [runtime-status] [16073] Attempting to listen to socketPath: /var/folders/lp/q0nfg3f51nq7qg9sq2q3b8vm0000gn/T/fire_emu_16073.sock {"metadata":{"emulator":{"name":"functions"},"function":{"name":"api"},"message":"[runtime-status] [16073] Attempting to listen to socketPath: /var/folders/lp/q0nfg3f51nq7qg9sq2q3b8vm0000gn/T/fire_emu_16073.sock"}}
[debug] [2020-09-24T17:29:06.892Z] [functions] Runtime ready! Sending request! {"metadata":{"emulator":{"name":"functions"},"message":"[functions] Runtime ready! Sending request!"}}
[debug] [2020-09-24T17:29:06.911Z] [runtime-status] [16073] Ephemeral server handling GET request {"metadata":{"emulator":{"name":"functions"},"function":{"name":"api"},"message":"[runtime-status] [16073] Ephemeral server handling GET request"}}
[debug] [2020-09-24T17:29:06.930Z] [runtime-status] [16073] Ephemeral server survived. {"metadata":{"emulator":{"name":"functions"},"function":{"name":"api"},"message":"[runtime-status] [16073] Ephemeral server survived."}}
[info] i  functions: Finished "api" in ~1s {"metadata":{"emulator":{"name":"functions"},"function":{"name":"api"},"message":"Finished \"api\" in ~1s"}}
[debug] [2020-09-24T17:29:06.931Z] [worker-api-20acbbab-4015-42b7-aeb1-c0dd85fa8bfd]: IDLE {"metadata":{"emulator":{"name":"functions"},"message":"[worker-api-20acbbab-4015-42b7-aeb1-c0dd85fa8bfd]: IDLE"}}
[debug] [2020-09-24T17:29:06.932Z] [work-queue] {"queueLength":0,"workRunningCount":0}
[debug] [2020-09-24T17:29:08.169Z] Functions emulator received unknown request at path /favicon.ico
[debug] [2020-09-24T17:30:44.950Z] File /Users/ashishchahal/Desktop/Coding/projects/amazon-clone-react/functions/index.js changed, reloading triggers {"metadata":{"emulator":{"name":"functions"},"message":"File /Users/ashishchahal/Desktop/Coding/projects/amazon-clone-react/functions/index.js changed, reloading triggers"}}
[debug] [2020-09-24T17:30:45.954Z] [worker-pool] Shutting down IDLE worker (~diagnostic~) {"metadata":{"emulator":{"name":"functions"},"message":"[worker-pool] Shutting down IDLE worker (~diagnostic~)"}}
[debug] [2020-09-24T17:30:45.955Z] [worker-~diagnostic~-c2eebc15-7326-4bdd-a144-d53af9ecb517]: FINISHING {"metadata":{"emulator":{"name":"functions"},"message":"[worker-~diagnostic~-c2eebc15-7326-4bdd-a144-d53af9ecb517]: FINISHING"}}
[debug] [2020-09-24T17:30:45.955Z] [worker-pool] Shutting down IDLE worker (api) {"metadata":{"emulator":{"name":"functions"},"message":"[worker-pool] Shutting down IDLE worker (api)"}}
[debug] [2020-09-24T17:30:45.955Z] [worker-api-20acbbab-4015-42b7-aeb1-c0dd85fa8bfd]: FINISHING {"metadata":{"emulator":{"name":"functions"},"message":"[worker-api-20acbbab-4015-42b7-aeb1-c0dd85fa8bfd]: FINISHING"}}
[debug] [2020-09-24T17:30:45.962Z] [worker-pool] addWorker(~diagnostic~) {"metadata":{"emulator":{"name":"functions"},"message":"[worker-pool] addWorker(~diagnostic~)"}}
[debug] [2020-09-24T17:30:45.962Z] [worker-pool] Adding worker with key ~diagnostic~, total=2 {"metadata":{"emulator":{"name":"functions"},"message":"[worker-pool] Adding worker with key ~diagnostic~, total=2"}}
[debug] [2020-09-24T17:30:45.962Z] [worker-pool] submitWork(triggerId=) {"metadata":{"emulator":{"name":"functions"},"message":"[worker-pool] submitWork(triggerId=)"}}
[debug] [2020-09-24T17:30:45.963Z] [worker-~diagnostic~-b5a78660-94f0-4cbe-ba7c-74343c48b0cd]: Assigning socketPath: /var/folders/lp/q0nfg3f51nq7qg9sq2q3b8vm0000gn/T/fire_emu_16084.sock {"metadata":{"emulator":{"name":"functions"},"message":"[worker-~diagnostic~-b5a78660-94f0-4cbe-ba7c-74343c48b0cd]: Assigning socketPath: /var/folders/lp/q0nfg3f51nq7qg9sq2q3b8vm0000gn/T/fire_emu_16084.sock"}}
[debug] [2020-09-24T17:30:45.963Z] [worker-~diagnostic~-b5a78660-94f0-4cbe-ba7c-74343c48b0cd]: BUSY {"metadata":{"emulator":{"name":"functions"},"message":"[worker-~diagnostic~-b5a78660-94f0-4cbe-ba7c-74343c48b0cd]: BUSY"}}
[debug] [2020-09-24T17:30:45.965Z] [worker-~diagnostic~-c2eebc15-7326-4bdd-a144-d53af9ecb517]: exited {"metadata":{"emulator":{"name":"functions"},"message":"[worker-~diagnostic~-c2eebc15-7326-4bdd-a144-d53af9ecb517]: exited"}}
[debug] [2020-09-24T17:30:45.965Z] [worker-~diagnostic~-c2eebc15-7326-4bdd-a144-d53af9ecb517]: FINISHED {"metadata":{"emulator":{"name":"functions"},"message":"[worker-~diagnostic~-c2eebc15-7326-4bdd-a144-d53af9ecb517]: FINISHED"}}
[debug] [2020-09-24T17:30:45.966Z] [worker-api-20acbbab-4015-42b7-aeb1-c0dd85fa8bfd]: exited {"metadata":{"emulator":{"name":"functions"},"message":"[worker-api-20acbbab-4015-42b7-aeb1-c0dd85fa8bfd]: exited"}}
[debug] [2020-09-24T17:30:45.966Z] [worker-api-20acbbab-4015-42b7-aeb1-c0dd85fa8bfd]: FINISHED {"metadata":{"emulator":{"name":"functions"},"message":"[worker-api-20acbbab-4015-42b7-aeb1-c0dd85fa8bfd]: FINISHED"}}
[debug] [2020-09-24T17:30:47.367Z] [runtime-status] [16084] Functions runtime initialized. {"cwd":"/Users/ashishchahal/Desktop/Coding/projects/amazon-clone-react/functions","node_version":"10.13.0"} {"metadata":{"emulator":{"name":"functions"},"message":"[runtime-status] [16084] Functions runtime initialized. {\"cwd\":\"/Users/ashishchahal/Desktop/Coding/projects/amazon-clone-react/functions\",\"node_version\":\"10.13.0\"}"}}
[debug] [2020-09-24T17:30:47.374Z] [runtime-status] [16084] Disabled runtime features: undefined {"metadata":{"emulator":{"name":"functions"},"message":"[runtime-status] [16084] Disabled runtime features: undefined"}}
[debug] [2020-09-24T17:30:47.379Z] [runtime-status] [16084] Resolved module firebase-admin {"declared":true,"installed":true,"version":"8.13.0","resolution":"/Users/ashishchahal/Desktop/Coding/projects/amazon-clone-react/functions/node_modules/firebase-admin/lib/index.js"} {"metadata":{"emulator":{"name":"functions"},"message":"[runtime-status] [16084] Resolved module firebase-admin {\"declared\":true,\"installed\":true,\"version\":\"8.13.0\",\"resolution\":\"/Users/ashishchahal/Desktop/Coding/projects/amazon-clone-react/functions/node_modules/firebase-admin/lib/index.js\"}"}}
[debug] [2020-09-24T17:30:47.381Z] [runtime-status] [16084] Resolved module firebase-functions {"declared":true,"installed":true,"version":"3.11.0","resolution":"/Users/ashishchahal/Desktop/Coding/projects/amazon-clone-react/functions/node_modules/firebase-functions/lib/index.js"} {"metadata":{"emulator":{"name":"functions"},"message":"[runtime-status] [16084] Resolved module firebase-functions {\"declared\":true,\"installed\":true,\"version\":\"3.11.0\",\"resolution\":\"/Users/ashishchahal/Desktop/Coding/projects/amazon-clone-react/functions/node_modules/firebase-functions/lib/index.js\"}"}}
[debug] [2020-09-24T17:30:47.388Z] [runtime-status] [16084] Resolved module firebase-functions {"declared":true,"installed":true,"version":"3.11.0","resolution":"/Users/ashishchahal/Desktop/Coding/projects/amazon-clone-react/functions/node_modules/firebase-functions/lib/index.js"} {"metadata":{"emulator":{"name":"functions"},"message":"[runtime-status] [16084] Resolved module firebase-functions {\"declared\":true,\"installed\":true,\"version\":\"3.11.0\",\"resolution\":\"/Users/ashishchahal/Desktop/Coding/projects/amazon-clone-react/functions/node_modules/firebase-functions/lib/index.js\"}"}}
[debug] [2020-09-24T17:30:47.395Z] [runtime-status] [16084] Outgoing network have been stubbed. [{"name":"http","status":"mocked"},{"name":"http","status":"mocked"},{"name":"https","status":"mocked"},{"name":"https","status":"mocked"},{"name":"net","status":"mocked"}] {"metadata":{"emulator":{"name":"functions"},"message":"[runtime-status] [16084] Outgoing network have been stubbed. [{\"name\":\"http\",\"status\":\"mocked\"},{\"name\":\"http\",\"status\":\"mocked\"},{\"name\":\"https\",\"status\":\"mocked\"},{\"name\":\"https\",\"status\":\"mocked\"},{\"name\":\"net\",\"status\":\"mocked\"}]"}}
[debug] [2020-09-24T17:30:47.398Z] [runtime-status] [16084] Resolved module firebase-functions {"declared":true,"installed":true,"version":"3.11.0","resolution":"/Users/ashishchahal/Desktop/Coding/projects/amazon-clone-react/functions/node_modules/firebase-functions/lib/index.js"} {"metadata":{"emulator":{"name":"functions"},"message":"[runtime-status] [16084] Resolved module firebase-functions {\"declared\":true,\"installed\":true,\"version\":\"3.11.0\",\"resolution\":\"/Users/ashishchahal/Desktop/Coding/projects/amazon-clone-react/functions/node_modules/firebase-functions/lib/index.js\"}"}}
[debug] [2020-09-24T17:30:47.531Z] [runtime-status] [16084] Checked functions.config() {"config":{}} {"metadata":{"emulator":{"name":"functions"},"message":"[runtime-status] [16084] Checked functions.config() {\"config\":{}}"}}
[debug] [2020-09-24T17:30:47.531Z] [runtime-status] [16084] firebase-functions has been stubbed. {"functionsResolution":{"declared":true,"installed":true,"version":"3.11.0","resolution":"/Users/ashishchahal/Desktop/Coding/projects/amazon-clone-react/functions/node_modules/firebase-functions/lib/index.js"}} {"metadata":{"emulator":{"name":"functions"},"message":"[runtime-status] [16084] firebase-functions has been stubbed. {\"functionsResolution\":{\"declared\":true,\"installed\":true,\"version\":\"3.11.0\",\"resolution\":\"/Users/ashishchahal/Desktop/Coding/projects/amazon-clone-react/functions/node_modules/firebase-functions/lib/index.js\"}}"}}
[debug] [2020-09-24T17:30:47.532Z] [runtime-status] [16084] Resolved module firebase-functions {"declared":true,"installed":true,"version":"3.11.0","resolution":"/Users/ashishchahal/Desktop/Coding/projects/amazon-clone-react/functions/node_modules/firebase-functions/lib/index.js"} {"metadata":{"emulator":{"name":"functions"},"message":"[runtime-status] [16084] Resolved module firebase-functions {\"declared\":true,\"installed\":true,\"version\":\"3.11.0\",\"resolution\":\"/Users/ashishchahal/Desktop/Coding/projects/amazon-clone-react/functions/node_modules/firebase-functions/lib/index.js\"}"}}
[debug] [2020-09-24T17:30:47.535Z] [runtime-status] [16084] Resolved module firebase-admin {"declared":true,"installed":true,"version":"8.13.0","resolution":"/Users/ashishchahal/Desktop/Coding/projects/amazon-clone-react/functions/node_modules/firebase-admin/lib/index.js"} {"metadata":{"emulator":{"name":"functions"},"message":"[runtime-status] [16084] Resolved module firebase-admin {\"declared\":true,\"installed\":true,\"version\":\"8.13.0\",\"resolution\":\"/Users/ashishchahal/Desktop/Coding/projects/amazon-clone-react/functions/node_modules/firebase-admin/lib/index.js\"}"}}
[debug] [2020-09-24T17:30:47.535Z] [runtime-status] [16084] Resolved module firebase-functions {"declared":true,"installed":true,"version":"3.11.0","resolution":"/Users/ashishchahal/Desktop/Coding/projects/amazon-clone-react/functions/node_modules/firebase-functions/lib/index.js"} {"metadata":{"emulator":{"name":"functions"},"message":"[runtime-status] [16084] Resolved module firebase-functions {\"declared\":true,\"installed\":true,\"version\":\"3.11.0\",\"resolution\":\"/Users/ashishchahal/Desktop/Coding/projects/amazon-clone-react/functions/node_modules/firebase-functions/lib/index.js\"}"}}
[debug] [2020-09-24T17:30:47.535Z] [runtime-status] [16084] firebase-admin has been stubbed. {"adminResolution":{"declared":true,"installed":true,"version":"8.13.0","resolution":"/Users/ashishchahal/Desktop/Coding/projects/amazon-clone-react/functions/node_modules/firebase-admin/lib/index.js"}} {"metadata":{"emulator":{"name":"functions"},"message":"[runtime-status] [16084] firebase-admin has been stubbed. {\"adminResolution\":{\"declared\":true,\"installed\":true,\"version\":\"8.13.0\",\"resolution\":\"/Users/ashishchahal/Desktop/Coding/projects/amazon-clone-react/functions/node_modules/firebase-admin/lib/index.js\"}}"}}
[debug] [2020-09-24T17:30:48.017Z] [worker-~diagnostic~-b5a78660-94f0-4cbe-ba7c-74343c48b0cd]: IDLE {"metadata":{"emulator":{"name":"functions"},"message":"[worker-~diagnostic~-b5a78660-94f0-4cbe-ba7c-74343c48b0cd]: IDLE"}}
[debug] [2020-09-24T17:30:58.515Z] [work-queue] {"queueLength":1,"workRunningCount":0}
[debug] [2020-09-24T17:30:58.515Z] [work-queue] {"queueLength":0,"workRunningCount":1}
[debug] [2020-09-24T17:30:58.516Z] Accepted request GET /clone-ac-271d9/us-central1/api/babe --> api
[debug] [2020-09-24T17:30:58.516Z] [worker-pool] Cleaned up workers for ~diagnostic~: 2 --> 1 {"metadata":{"emulator":{"name":"functions"},"message":"[worker-pool] Cleaned up workers for ~diagnostic~: 2 --> 1"}}
[debug] [2020-09-24T17:30:58.516Z] [worker-pool] Cleaned up workers for api: 1 --> 0 {"metadata":{"emulator":{"name":"functions"},"message":"[worker-pool] Cleaned up workers for api: 1 --> 0"}}
[debug] [2020-09-24T17:30:58.523Z] [worker-pool] addWorker(api) {"metadata":{"emulator":{"name":"functions"},"message":"[worker-pool] addWorker(api)"}}
[debug] [2020-09-24T17:30:58.524Z] [worker-pool] Adding worker with key api, total=1 {"metadata":{"emulator":{"name":"functions"},"message":"[worker-pool] Adding worker with key api, total=1"}}
[debug] [2020-09-24T17:30:58.524Z] [worker-pool] submitWork(triggerId=api) {"metadata":{"emulator":{"name":"functions"},"message":"[worker-pool] submitWork(triggerId=api)"}}
[debug] [2020-09-24T17:30:58.524Z] [worker-api-e918134a-fe38-4c04-8e6d-fd1a71c7226b]: Assigning socketPath: /var/folders/lp/q0nfg3f51nq7qg9sq2q3b8vm0000gn/T/fire_emu_16092.sock {"metadata":{"emulator":{"name":"functions"},"message":"[worker-api-e918134a-fe38-4c04-8e6d-fd1a71c7226b]: Assigning socketPath: /var/folders/lp/q0nfg3f51nq7qg9sq2q3b8vm0000gn/T/fire_emu_16092.sock"}}
[debug] [2020-09-24T17:30:58.525Z] [worker-api-e918134a-fe38-4c04-8e6d-fd1a71c7226b]: BUSY {"metadata":{"emulator":{"name":"functions"},"message":"[worker-api-e918134a-fe38-4c04-8e6d-fd1a71c7226b]: BUSY"}}
[debug] [2020-09-24T17:30:59.081Z] [runtime-status] [16092] Functions runtime initialized. {"cwd":"/Users/ashishchahal/Desktop/Coding/projects/amazon-clone-react/functions","node_version":"10.13.0"} {"metadata":{"emulator":{"name":"functions"},"function":{"name":"api"},"message":"[runtime-status] [16092] Functions runtime initialized. {\"cwd\":\"/Users/ashishchahal/Desktop/Coding/projects/amazon-clone-react/functions\",\"node_version\":\"10.13.0\"}"}}
[debug] [2020-09-24T17:30:59.085Z] [runtime-status] [16092] Disabled runtime features: undefined {"metadata":{"emulator":{"name":"functions"},"function":{"name":"api"},"message":"[runtime-status] [16092] Disabled runtime features: undefined"}}
[debug] [2020-09-24T17:30:59.090Z] [runtime-status] [16092] Resolved module firebase-admin {"declared":true,"installed":true,"version":"8.13.0","resolution":"/Users/ashishchahal/Desktop/Coding/projects/amazon-clone-react/functions/node_modules/firebase-admin/lib/index.js"} {"metadata":{"emulator":{"name":"functions"},"function":{"name":"api"},"message":"[runtime-status] [16092] Resolved module firebase-admin {\"declared\":true,\"installed\":true,\"version\":\"8.13.0\",\"resolution\":\"/Users/ashishchahal/Desktop/Coding/projects/amazon-clone-react/functions/node_modules/firebase-admin/lib/index.js\"}"}}
[debug] [2020-09-24T17:30:59.091Z] [runtime-status] [16092] Resolved module firebase-functions {"declared":true,"installed":true,"version":"3.11.0","resolution":"/Users/ashishchahal/Desktop/Coding/projects/amazon-clone-react/functions/node_modules/firebase-functions/lib/index.js"} {"metadata":{"emulator":{"name":"functions"},"function":{"name":"api"},"message":"[runtime-status] [16092] Resolved module firebase-functions {\"declared\":true,\"installed\":true,\"version\":\"3.11.0\",\"resolution\":\"/Users/ashishchahal/Desktop/Coding/projects/amazon-clone-react/functions/node_modules/firebase-functions/lib/index.js\"}"}}
[debug] [2020-09-24T17:30:59.094Z] [runtime-status] [16092] Resolved module firebase-functions {"declared":true,"installed":true,"version":"3.11.0","resolution":"/Users/ashishchahal/Desktop/Coding/projects/amazon-clone-react/functions/node_modules/firebase-functions/lib/index.js"} {"metadata":{"emulator":{"name":"functions"},"function":{"name":"api"},"message":"[runtime-status] [16092] Resolved module firebase-functions {\"declared\":true,\"installed\":true,\"version\":\"3.11.0\",\"resolution\":\"/Users/ashishchahal/Desktop/Coding/projects/amazon-clone-react/functions/node_modules/firebase-functions/lib/index.js\"}"}}
[debug] [2020-09-24T17:30:59.098Z] [runtime-status] [16092] Outgoing network have been stubbed. [{"name":"http","status":"mocked"},{"name":"http","status":"mocked"},{"name":"https","status":"mocked"},{"name":"https","status":"mocked"},{"name":"net","status":"mocked"}] {"metadata":{"emulator":{"name":"functions"},"function":{"name":"api"},"message":"[runtime-status] [16092] Outgoing network have been stubbed. [{\"name\":\"http\",\"status\":\"mocked\"},{\"name\":\"http\",\"status\":\"mocked\"},{\"name\":\"https\",\"status\":\"mocked\"},{\"name\":\"https\",\"status\":\"mocked\"},{\"name\":\"net\",\"status\":\"mocked\"}]"}}
[debug] [2020-09-24T17:30:59.099Z] [runtime-status] [16092] Resolved module firebase-functions {"declared":true,"installed":true,"version":"3.11.0","resolution":"/Users/ashishchahal/Desktop/Coding/projects/amazon-clone-react/functions/node_modules/firebase-functions/lib/index.js"} {"metadata":{"emulator":{"name":"functions"},"function":{"name":"api"},"message":"[runtime-status] [16092] Resolved module firebase-functions {\"declared\":true,\"installed\":true,\"version\":\"3.11.0\",\"resolution\":\"/Users/ashishchahal/Desktop/Coding/projects/amazon-clone-react/functions/node_modules/firebase-functions/lib/index.js\"}"}}
[debug] [2020-09-24T17:30:59.162Z] [runtime-status] [16092] Checked functions.config() {"config":{}} {"metadata":{"emulator":{"name":"functions"},"function":{"name":"api"},"message":"[runtime-status] [16092] Checked functions.config() {\"config\":{}}"}}
[debug] [2020-09-24T17:30:59.162Z] [runtime-status] [16092] firebase-functions has been stubbed. {"functionsResolution":{"declared":true,"installed":true,"version":"3.11.0","resolution":"/Users/ashishchahal/Desktop/Coding/projects/amazon-clone-react/functions/node_modules/firebase-functions/lib/index.js"}} {"metadata":{"emulator":{"name":"functions"},"function":{"name":"api"},"message":"[runtime-status] [16092] firebase-functions has been stubbed. {\"functionsResolution\":{\"declared\":true,\"installed\":true,\"version\":\"3.11.0\",\"resolution\":\"/Users/ashishchahal/Desktop/Coding/projects/amazon-clone-react/functions/node_modules/firebase-functions/lib/index.js\"}}"}}
[debug] [2020-09-24T17:30:59.163Z] [runtime-status] [16092] Resolved module firebase-functions {"declared":true,"installed":true,"version":"3.11.0","resolution":"/Users/ashishchahal/Desktop/Coding/projects/amazon-clone-react/functions/node_modules/firebase-functions/lib/index.js"} {"metadata":{"emulator":{"name":"functions"},"function":{"name":"api"},"message":"[runtime-status] [16092] Resolved module firebase-functions {\"declared\":true,\"installed\":true,\"version\":\"3.11.0\",\"resolution\":\"/Users/ashishchahal/Desktop/Coding/projects/amazon-clone-react/functions/node_modules/firebase-functions/lib/index.js\"}"}}
[debug] [2020-09-24T17:30:59.164Z] [runtime-status] [16092] Resolved module firebase-admin {"declared":true,"installed":true,"version":"8.13.0","resolution":"/Users/ashishchahal/Desktop/Coding/projects/amazon-clone-react/functions/node_modules/firebase-admin/lib/index.js"} {"metadata":{"emulator":{"name":"functions"},"function":{"name":"api"},"message":"[runtime-status] [16092] Resolved module firebase-admin {\"declared\":true,\"installed\":true,\"version\":\"8.13.0\",\"resolution\":\"/Users/ashishchahal/Desktop/Coding/projects/amazon-clone-react/functions/node_modules/firebase-admin/lib/index.js\"}"}}
[debug] [2020-09-24T17:30:59.165Z] [runtime-status] [16092] Resolved module firebase-functions {"declared":true,"installed":true,"version":"3.11.0","resolution":"/Users/ashishchahal/Desktop/Coding/projects/amazon-clone-react/functions/node_modules/firebase-functions/lib/index.js"} {"metadata":{"emulator":{"name":"functions"},"function":{"name":"api"},"message":"[runtime-status] [16092] Resolved module firebase-functions {\"declared\":true,\"installed\":true,\"version\":\"3.11.0\",\"resolution\":\"/Users/ashishchahal/Desktop/Coding/projects/amazon-clone-react/functions/node_modules/firebase-functions/lib/index.js\"}"}}
[debug] [2020-09-24T17:30:59.165Z] [runtime-status] [16092] firebase-admin has been stubbed. {"adminResolution":{"declared":true,"installed":true,"version":"8.13.0","resolution":"/Users/ashishchahal/Desktop/Coding/projects/amazon-clone-react/functions/node_modules/firebase-admin/lib/index.js"}} {"metadata":{"emulator":{"name":"functions"},"function":{"name":"api"},"message":"[runtime-status] [16092] firebase-admin has been stubbed. {\"adminResolution\":{\"declared\":true,\"installed\":true,\"version\":\"8.13.0\",\"resolution\":\"/Users/ashishchahal/Desktop/Coding/projects/amazon-clone-react/functions/node_modules/firebase-admin/lib/index.js\"}}"}}
[debug] [2020-09-24T17:30:59.346Z] [runtime-status] [16092] Trigger "api" has been found, beginning invocation! {"metadata":{"emulator":{"name":"functions"},"function":{"name":"api"},"message":"[runtime-status] [16092] Trigger \"api\" has been found, beginning invocation!"}}
[info] i  functions: Beginning execution of "api" {"metadata":{"emulator":{"name":"functions"},"function":{"name":"api"},"message":"Beginning execution of \"api\""}}
[debug] [2020-09-24T17:30:59.347Z] [runtime-status] [16092] triggerDefinition {"httpsTrigger":{},"name":"api","entryPoint":"api"} {"metadata":{"emulator":{"name":"functions"},"function":{"name":"api"},"message":"[runtime-status] [16092] triggerDefinition {\"httpsTrigger\":{},\"name\":\"api\",\"entryPoint\":\"api\"}"}}
[debug] [2020-09-24T17:30:59.347Z] [runtime-status] [16092] Running api in mode HTTPS {"metadata":{"emulator":{"name":"functions"},"function":{"name":"api"},"message":"[runtime-status] [16092] Running api in mode HTTPS"}}
[debug] [2020-09-24T17:30:59.366Z] [runtime-status] [16092] Attempting to listen to socketPath: /var/folders/lp/q0nfg3f51nq7qg9sq2q3b8vm0000gn/T/fire_emu_16092.sock {"metadata":{"emulator":{"name":"functions"},"function":{"name":"api"},"message":"[runtime-status] [16092] Attempting to listen to socketPath: /var/folders/lp/q0nfg3f51nq7qg9sq2q3b8vm0000gn/T/fire_emu_16092.sock"}}
[debug] [2020-09-24T17:30:59.371Z] [functions] Runtime ready! Sending request! {"metadata":{"emulator":{"name":"functions"},"message":"[functions] Runtime ready! Sending request!"}}
[debug] [2020-09-24T17:30:59.392Z] [runtime-status] [16092] Ephemeral server handling GET request {"metadata":{"emulator":{"name":"functions"},"function":{"name":"api"},"message":"[runtime-status] [16092] Ephemeral server handling GET request"}}
[debug] [2020-09-24T17:30:59.418Z] [runtime-status] [16092] Ephemeral server survived. {"metadata":{"emulator":{"name":"functions"},"function":{"name":"api"},"message":"[runtime-status] [16092] Ephemeral server survived."}}
[info] i  functions: Finished "api" in ~1s {"metadata":{"emulator":{"name":"functions"},"function":{"name":"api"},"message":"Finished \"api\" in ~1s"}}
[debug] [2020-09-24T17:30:59.419Z] [worker-api-e918134a-fe38-4c04-8e6d-fd1a71c7226b]: IDLE {"metadata":{"emulator":{"name":"functions"},"message":"[worker-api-e918134a-fe38-4c04-8e6d-fd1a71c7226b]: IDLE"}}
[debug] [2020-09-24T17:30:59.419Z] [work-queue] {"queueLength":0,"workRunningCount":0}
